This is pdfTeX, Version 3.1415926-2.4-1.40.13 (TeX Live 2012/Debian) (format=pdflatex 2013.1.28)  22 JUL 2013 19:03
entering extended mode
 restricted \write18 enabled.
 %&-line parsing enabled.
**defmesch_dc.tex
(./defmesch_dc.tex
LaTeX2e <2011/06/27>
Babel <v3.8m> and hyphenation patterns for english, dumylang, nohyphenation, bu
lgarian, ukrainian, russian, french, basque, loaded.
(./IOS-Book-Article.cls
Document Class: IOS-Book-Article 2006/04/20 v1.0, IOS Press
(/usr/share/texlive/texmf-dist/tex/latex/base/fleqn.clo
File: fleqn.clo 1998/08/17 v1.1c Standard LaTeX option (flush left equations)
\mathindent=\dimen102
)
Ten point
\c@section=\count79
\c@subsection=\count80
\c@subsubsection=\count81
\c@paragraph=\count82
\c@subparagraph=\count83
\c@figure=\count84
\c@table=\count85
\abovecaptionskip=\skip41
\belowcaptionskip=\skip42
\tablewidth=\dimen103
\saved@tablewidth=\dimen104
\c@algorithm=\count86
\t@glob@notes=\toks14
\t@loc@notes=\toks15
\note@cnt=\count87
\c@author=\count88
\n@author=\count89
\c@address=\count90
\sv@hyphenpenalty=\count91
\prev@elem=\count92
\cur@elem=\count93
\fm@box=\box26
\fm@size=\dimen105
\t@abstract=\box27
\t@keywords=\box28
\a@title@skip=\dimen106
\b@section@skip=\skip43
\b@pretitle@skip=\skip44
\t@xtheight=\dimen107
\@@topskip=\dimen108
\b@author@skip=\dimen109
\dp@t@keywords=\dimen110
\@pubyear=\count94
\@copyear=\count95
) (/usr/share/texlive/texmf-dist/tex/latex/psnfss/mathptmx.sty
Package: mathptmx 2005/04/12 PSNFSS-v9.2a Times w/ Math, improved (SPQR, WaS) 
LaTeX Font Info:    Redeclaring symbol font `operators' on input line 28.
LaTeX Font Info:    Overwriting symbol font `operators' in version `normal'
(Font)                  OT1/cmr/m/n --> OT1/ztmcm/m/n on input line 28.
LaTeX Font Info:    Overwriting symbol font `operators' in version `bold'
(Font)                  OT1/cmr/bx/n --> OT1/ztmcm/m/n on input line 28.
LaTeX Font Info:    Redeclaring symbol font `letters' on input line 29.
LaTeX Font Info:    Overwriting symbol font `letters' in version `normal'
(Font)                  OML/cmm/m/it --> OML/ztmcm/m/it on input line 29.
LaTeX Font Info:    Overwriting symbol font `letters' in version `bold'
(Font)                  OML/cmm/b/it --> OML/ztmcm/m/it on input line 29.
LaTeX Font Info:    Redeclaring symbol font `symbols' on input line 30.
LaTeX Font Info:    Overwriting symbol font `symbols' in version `normal'
(Font)                  OMS/cmsy/m/n --> OMS/ztmcm/m/n on input line 30.
LaTeX Font Info:    Overwriting symbol font `symbols' in version `bold'
(Font)                  OMS/cmsy/b/n --> OMS/ztmcm/m/n on input line 30.
LaTeX Font Info:    Redeclaring symbol font `largesymbols' on input line 31.
LaTeX Font Info:    Overwriting symbol font `largesymbols' in version `normal'
(Font)                  OMX/cmex/m/n --> OMX/ztmcm/m/n on input line 31.
LaTeX Font Info:    Overwriting symbol font `largesymbols' in version `bold'
(Font)                  OMX/cmex/m/n --> OMX/ztmcm/m/n on input line 31.
\symbold=\mathgroup4
\symitalic=\mathgroup5
LaTeX Font Info:    Redeclaring math alphabet \mathbf on input line 34.
LaTeX Font Info:    Overwriting math alphabet `\mathbf' in version `normal'
(Font)                  OT1/cmr/bx/n --> OT1/ptm/bx/n on input line 34.
LaTeX Font Info:    Overwriting math alphabet `\mathbf' in version `bold'
(Font)                  OT1/cmr/bx/n --> OT1/ptm/bx/n on input line 34.
LaTeX Font Info:    Redeclaring math alphabet \mathit on input line 35.
LaTeX Font Info:    Overwriting math alphabet `\mathit' in version `normal'
(Font)                  OT1/cmr/m/it --> OT1/ptm/m/it on input line 35.
LaTeX Font Info:    Overwriting math alphabet `\mathit' in version `bold'
(Font)                  OT1/cmr/bx/it --> OT1/ptm/m/it on input line 35.
LaTeX Info: Redefining \hbar on input line 50.
)
(/usr/share/texlive/texmf-dist/tex/latex/graphics/graphicx.sty
Package: graphicx 1999/02/16 v1.0f Enhanced LaTeX Graphics (DPC,SPQR)

(/usr/share/texlive/texmf-dist/tex/latex/graphics/keyval.sty
Package: keyval 1999/03/16 v1.13 key=value parser (DPC)
\KV@toks@=\toks16
)
(/usr/share/texlive/texmf-dist/tex/latex/graphics/graphics.sty
Package: graphics 2009/02/05 v1.0o Standard LaTeX Graphics (DPC,SPQR)

(/usr/share/texlive/texmf-dist/tex/latex/graphics/trig.sty
Package: trig 1999/03/16 v1.09 sin cos tan (DPC)
)
(/usr/share/texlive/texmf-dist/tex/latex/latexconfig/graphics.cfg
File: graphics.cfg 2010/04/23 v1.9 graphics configuration of TeX Live
)
Package graphics Info: Driver file: pdftex.def on input line 91.

(/usr/share/texlive/texmf-dist/tex/latex/pdftex-def/pdftex.def
File: pdftex.def 2011/05/27 v0.06d Graphics/color for pdfTeX

(/usr/share/texlive/texmf-dist/tex/generic/oberdiek/infwarerr.sty
Package: infwarerr 2010/04/08 v1.3 Providing info/warning/error messages (HO)
)
(/usr/share/texlive/texmf-dist/tex/generic/oberdiek/ltxcmds.sty
Package: ltxcmds 2011/11/09 v1.22 LaTeX kernel commands for general use (HO)
)
\Gread@gobject=\count96
))
\Gin@req@height=\dimen111
\Gin@req@width=\dimen112
)
(/usr/share/texlive/texmf-dist/tex/latex/subfigure/subfigure.sty
Package: subfigure 2002/03/15 v2.1.5 subfigure package
\subfigtopskip=\skip45
\subfigcapskip=\skip46
\subfigcaptopadj=\dimen113
\subfigbottomskip=\skip47
\subfigcapmargin=\dimen114
\subfiglabelskip=\skip48
\c@subfigure=\count97
\c@lofdepth=\count98
\c@subtable=\count99
\c@lotdepth=\count100

****************************************
* Local config file subfigure.cfg used *
****************************************
(/usr/share/texlive/texmf-dist/tex/latex/subfigure/subfigure.cfg)
\subfig@top=\skip49
\subfig@bottom=\skip50
)
(/usr/share/texlive/texmf-dist/tex/latex/caption/caption.sty
Package: caption 2012/02/19 v3.2f Customizing captions (AR)

(/usr/share/texlive/texmf-dist/tex/latex/caption/caption3.sty
Package: caption3 2012/01/12 v1.4b caption3 kernel (AR)
\captionmargin=\dimen115
\captionmargin@=\dimen116
\captionwidth=\dimen117
\caption@indent=\dimen118
\caption@parindent=\dimen119
\caption@hangindent=\dimen120
Package caption Info: Unknown document class (or package),
(caption)             standard defaults will be used.
)

Package caption Warning: Unsupported document class (or package) detected,
(caption)                usage of the caption package is not recommended.
See the caption package documentation for explanation.

Package caption Info: \@makecaption = undefined.
\c@ContinuedFloat=\count101
Package caption Info: subfigure package is loaded.
) (./defmesch_dc.aux)
\openout1 = `defmesch_dc.aux'.

LaTeX Font Info:    Checking defaults for OML/cmm/m/it on input line 12.
LaTeX Font Info:    ... okay on input line 12.
LaTeX Font Info:    Checking defaults for T1/cmr/m/n on input line 12.
LaTeX Font Info:    ... okay on input line 12.
LaTeX Font Info:    Checking defaults for OT1/cmr/m/n on input line 12.
LaTeX Font Info:    ... okay on input line 12.
LaTeX Font Info:    Checking defaults for OMS/cmsy/m/n on input line 12.
LaTeX Font Info:    ... okay on input line 12.
LaTeX Font Info:    Checking defaults for OMX/cmex/m/n on input line 12.
LaTeX Font Info:    ... okay on input line 12.
LaTeX Font Info:    Checking defaults for U/cmr/m/n on input line 12.
LaTeX Font Info:    ... okay on input line 12.
LaTeX Font Info:    Try loading font information for OT1+ptm on input line 12.
 (/usr/share/texlive/texmf-dist/tex/latex/psnfss/ot1ptm.fd
File: ot1ptm.fd 2001/06/04 font definitions for OT1/ptm.
)
\big@size=\dimen121
 (/usr/share/texlive/texmf-dist/tex/context/base/supp-pdf.mkii
[Loading MPS to PDF converter (version 2006.09.02).]
\scratchcounter=\count102
\scratchdimen=\dimen122
\scratchbox=\box29
\nofMPsegments=\count103
\nofMParguments=\count104
\everyMPshowfont=\toks17
\MPscratchCnt=\count105
\MPscratchDim=\dimen123
\MPnumerator=\count106
\makeMPintoPDFobject=\count107
\everyMPtoPDFconversion=\toks18
) (/usr/share/texlive/texmf-dist/tex/generic/oberdiek/pdftexcmds.sty
Package: pdftexcmds 2011/11/29 v0.20 Utility functions of pdfTeX for LuaTeX (HO
)

(/usr/share/texlive/texmf-dist/tex/generic/oberdiek/ifluatex.sty
Package: ifluatex 2010/03/01 v1.3 Provides the ifluatex switch (HO)
Package ifluatex Info: LuaTeX not detected.
)
(/usr/share/texlive/texmf-dist/tex/generic/oberdiek/ifpdf.sty
Package: ifpdf 2011/01/30 v2.3 Provides the ifpdf switch (HO)
Package ifpdf Info: pdfTeX in PDF mode is detected.
)
Package pdftexcmds Info: LuaTeX not detected.
Package pdftexcmds Info: \pdf@primitive is available.
Package pdftexcmds Info: \pdf@ifprimitive is available.
Package pdftexcmds Info: \pdfdraftmode found.
)
(/usr/share/texlive/texmf-dist/tex/latex/oberdiek/epstopdf-base.sty
Package: epstopdf-base 2010/02/09 v2.5 Base part for package epstopdf

(/usr/share/texlive/texmf-dist/tex/latex/oberdiek/grfext.sty
Package: grfext 2010/08/19 v1.1 Manage graphics extensions (HO)

(/usr/share/texlive/texmf-dist/tex/generic/oberdiek/kvdefinekeys.sty
Package: kvdefinekeys 2011/04/07 v1.3 Define keys (HO)
))
(/usr/share/texlive/texmf-dist/tex/latex/oberdiek/kvoptions.sty
Package: kvoptions 2011/06/30 v3.11 Key value format for package options (HO)

(/usr/share/texlive/texmf-dist/tex/generic/oberdiek/kvsetkeys.sty
Package: kvsetkeys 2012/04/25 v1.16 Key value parser (HO)

(/usr/share/texlive/texmf-dist/tex/generic/oberdiek/etexcmds.sty
Package: etexcmds 2011/02/16 v1.5 Avoid name clashes with e-TeX commands (HO)
Package etexcmds Info: Could not find \expanded.
(etexcmds)             That can mean that you are not using pdfTeX 1.50 or
(etexcmds)             that some package has redefined \expanded.
(etexcmds)             In the latter case, load this package earlier.
)))
Package grfext Info: Graphics extension search list:
(grfext)             [.png,.pdf,.jpg,.mps,.jpeg,.jbig2,.jb2,.PNG,.PDF,.JPG,.JPE
G,.JBIG2,.JB2,.eps]
(grfext)             \AppendGraphicsExtensions on input line 452.

(/usr/share/texlive/texmf-dist/tex/latex/latexconfig/epstopdf-sys.cfg
File: epstopdf-sys.cfg 2010/07/13 v1.3 Configuration of (r)epstopdf for TeX Liv
e
))
Package caption Info: Begin \AtBeginDocument code.
Package caption Info: End \AtBeginDocument code.
LaTeX Font Info:    Try loading font information for OT1+ztmcm on input line 16
.

(/usr/share/texlive/texmf-dist/tex/latex/psnfss/ot1ztmcm.fd
File: ot1ztmcm.fd 2000/01/03 Fontinst v1.801 font definitions for OT1/ztmcm.
)
LaTeX Font Info:    Try loading font information for OML+ztmcm on input line 16
.

(/usr/share/texlive/texmf-dist/tex/latex/psnfss/omlztmcm.fd
File: omlztmcm.fd 2000/01/03 Fontinst v1.801 font definitions for OML/ztmcm.
)
LaTeX Font Info:    Try loading font information for OMS+ztmcm on input line 16
.

(/usr/share/texlive/texmf-dist/tex/latex/psnfss/omsztmcm.fd
File: omsztmcm.fd 2000/01/03 Fontinst v1.801 font definitions for OMS/ztmcm.
)
LaTeX Font Info:    Try loading font information for OMX+ztmcm on input line 16
.

(/usr/share/texlive/texmf-dist/tex/latex/psnfss/omxztmcm.fd
File: omxztmcm.fd 2000/01/03 Fontinst v1.801 font definitions for OMX/ztmcm.
)
LaTeX Font Info:    Font shape `OT1/ptm/bx/n' in size <20.74> not available
(Font)              Font shape `OT1/ptm/b/n' tried instead on input line 16.
LaTeX Font Info:    Font shape `OT1/ptm/bx/n' in size <14.4> not available
(Font)              Font shape `OT1/ptm/b/n' tried instead on input line 16.
LaTeX Font Info:    Font shape `OT1/ptm/bx/n' in size <12> not available
(Font)              Font shape `OT1/ptm/b/n' tried instead on input line 16.
LaTeX Font Info:    Font shape `OT1/ptm/bx/n' in size <10> not available
(Font)              Font shape `OT1/ptm/b/n' tried instead on input line 21.
LaTeX Font Info:    Font shape `OT1/ptm/bx/n' in size <7.4> not available
(Font)              Font shape `OT1/ptm/b/n' tried instead on input line 21.
LaTeX Font Info:    Font shape `OT1/ptm/bx/n' in size <6> not available
(Font)              Font shape `OT1/ptm/b/n' tried instead on input line 21.

Underfull \hbox (badness 977) in paragraph at lines 43--45
[]\OT1/ptm/b/n/8 Keywords. \OT1/ptm/m/n/8 Di-vide and Con-quer, Task, Cilk, Mes
h Par-ti-tion-ing, CFD, FEM
 []

LaTeX Font Info:    Font shape `OT1/ptm/bx/n' in size <8> not available
(Font)              Font shape `OT1/ptm/b/n' tried instead on input line 46.
LaTeX Font Info:    Font shape `OT1/ptm/bx/n' in size <5> not available
(Font)              Font shape `OT1/ptm/b/n' tried instead on input line 46.
[1{/var/lib/texmf/fonts/map/pdftex/updmap/pdftex.map}]
LaTeX Font Info:    Try loading font information for OMS+ptm on input line 77.

(/usr/share/texlive/texmf-dist/tex/latex/psnfss/omsptm.fd
File: omsptm.fd 
)
LaTeX Font Info:    Font shape `OMS/ptm/b/n' in size <10> not available
(Font)              Font shape `OMS/cmsy/b/n' tried instead on input line 77.

<2D_asm.png, id=10, 457.71pt x 437.635pt>
File: 2D_asm.png Graphic file (type png)
 <use 2D_asm.png>
Package pdftex.def Info: 2D_asm.png used on input line 105.
(pdftex.def)             Requested size: 91.54037pt x 87.52544pt.

<Matrix_asm.png, id=11, 1007.765pt x 740.7675pt>
File: Matrix_asm.png Graphic file (type png)
 <use Matrix_asm.png>
Package pdftex.def Info: Matrix_asm.png used on input line 106.
(pdftex.def)             Requested size: 120.92657pt x 88.88826pt.

<Coloring_approach.png, id=12, 735.74875pt x 429.605pt>
File: Coloring_approach.png Graphic file (type png)

<use Coloring_approach.png>
Package pdftex.def Info: Coloring_approach.png used on input line 121.
(pdftex.def)             Requested size: 110.35754pt x 64.43796pt.

Overfull \hbox (9.57156pt too wide) in paragraph at lines 134--134
[]\OT1/cmtt/m/n/9 NodeToElem = create_NodeToElem (ElemToNode)[] 
 []


Overfull \hbox (9.57156pt too wide) in paragraph at lines 134--134
[]\OT1/cmtt/m/n/9 ElemToElem = create_ElemToElem (NodeToElem)[] 
 []


Overfull \hbox (19.02145pt too wide) in paragraph at lines 134--134
[]\OT1/cmtt/m/n/9 ElemToColor = create_ElemToColor (ElemToElem)[] 
 []


Overfull \hbox (23.7464pt too wide) in paragraph at lines 134--134
[]\OT1/cmtt/m/n/9 ColorToElem = create_ColorToElem (ElemToColor)[] 
 []


Underfull \hbox (badness 10000) in paragraph at lines 113--136

 []


Underfull \hbox (badness 10000) in paragraph at lines 113--136

 []

[2 <./2D_asm.png> <./Matrix_asm.png>] [3 <./Coloring_approach.png>]
<DC_approach.png, id=22, 864.22874pt x 367.3725pt>
File: DC_approach.png Graphic file (type png)
 <use DC_approach.png>
Package pdftex.def Info: DC_approach.png used on input line 185.
(pdftex.def)             Requested size: 146.91693pt x 62.45248pt.

<Data_permutations.png, id=23, 762.85pt x 244.915pt>
File: Data_permutations.png Graphic file (type png)

<use Data_permutations.png>
Package pdftex.def Info: Data_permutations.png used on input line 186.
(pdftex.def)             Requested size: 160.20323pt x 51.43365pt.

<DC_recursion.png, id=24, 1107.13625pt x 324.21124pt>
File: DC_recursion.png Graphic file (type png)
 <use DC_recursion.png>
Package pdftex.def Info: DC_recursion.png used on input line 202.
(pdftex.def)             Requested size: 276.78339pt x 81.05261pt.

[4 <./DC_approach.png> <./Data_permutations.png>] [5 <./DC_recursion.png>]
Missing character: There is no ‚ in font ptmr7t!
Missing character: There is no Ä in font ptmr7t!
Missing character: There is no ú in font ptmr7t!
Missing character: There is no ‚ in font ptmr7t!
Missing character: There is no Ä in font ptmr7t!
Missing character: There is no ù in font ptmr7t!
Missing character: There is no ‚ in font ptmr7t!
Missing character: There is no Ä in font ptmr7t!
Missing character: There is no ú in font ptmr7t!
Missing character: There is no ‚ in font ptmr7t!
Missing character: There is no Ä in font ptmr7t!
Missing character: There is no ù in font ptmr7t!

[6] <reservoir_3D.png, id=34, 387.1207pt x 280.11627pt>
File: reservoir_3D.png Graphic file (type png)
 <use reservoir_3D.png>
Package pdftex.def Info: reservoir_3D.png used on input line 295.
(pdftex.def)             Requested size: 112.64258pt x 81.50519pt.

<reservoir_projection.png, id=35, 361.35pt x 261.06837pt>
File: reservoir_projection.png Graphic file (type png)

<use reservoir_projection.png>
Package pdftex.def Info: reservoir_projection.png used on input line 296.
(pdftex.def)             Requested size: 112.64258pt x 81.3805pt.

<reservoir_haut.png, id=36, 568.63605pt x 507.01047pt>
File: reservoir_haut.png Graphic file (type png)

<use reservoir_haut.png>
Package pdftex.def Info: reservoir_haut.png used on input line 297.
(pdftex.def)             Requested size: 98.55957pt x 87.87715pt.

<reservoir_milieu.png, id=37, 569.75652pt x 507.01047pt>
File: reservoir_milieu.png Graphic file (type png)

<use reservoir_milieu.png>
Package pdftex.def Info: reservoir_milieu.png used on input line 298.
(pdftex.def)             Requested size: 98.55957pt x 87.69922pt.

<reservoir_bas.png, id=38, 569.75652pt x 507.01047pt>
File: reservoir_bas.png Graphic file (type png)
 <use reservoir_bas.png>
Package pdftex.def Info: reservoir_bas.png used on input line 299.
(pdftex.def)             Requested size: 98.55957pt x 87.69922pt.

[7 <./reservoir_3D.png (PNG copy)> <./reservoir_projection.png (PNG copy)> <./r
eservoir_haut.png (PNG copy)> <./reservoir_milieu.png (PNG copy)> <./reservoir_
bas.png (PNG copy)>] <Laplacian_asm_time.pdf, id=43, 505.89pt x 505.89pt>
File: Laplacian_asm_time.pdf Graphic file (type pdf)

<use Laplacian_asm_time.pdf>
Package pdftex.def Info: Laplacian_asm_time.pdf used on input line 352.
(pdftex.def)             Requested size: 172.48193pt x 172.47891pt.

<Laplacian_asm_efficiency.png, id=44, 931.48pt x 525.965pt>
File: Laplacian_asm_efficiency.png Graphic file (type png)

<use Laplacian_asm_efficiency.png>
Package pdftex.def Info: Laplacian_asm_efficiency.png used on input line 353.
(pdftex.def)             Requested size: 176.0pt x 99.37259pt.

<Elasticity_asm_time.pdf, id=45, 505.89pt x 505.89pt>
File: Elasticity_asm_time.pdf Graphic file (type pdf)

<use Elasticity_asm_time.pdf>
Package pdftex.def Info: Elasticity_asm_time.pdf used on input line 354.
(pdftex.def)             Requested size: 172.48193pt x 172.47891pt.

<Elasticity_asm_efficiency.png, id=46, 936.49875pt x 509.905pt>
File: Elasticity_asm_efficiency.png Graphic file (type png)

<use Elasticity_asm_efficiency.png>
Package pdftex.def Info: Elasticity_asm_efficiency.png used on input line 355.
(pdftex.def)             Requested size: 176.0pt x 95.8248pt.
 [8]
<Laplacian_solver_time.pdf, id=52, 505.89pt x 505.89pt>
File: Laplacian_solver_time.pdf Graphic file (type pdf)

<use Laplacian_solver_time.pdf>
Package pdftex.def Info: Laplacian_solver_time.pdf used on input line 369.
(pdftex.def)             Requested size: 151.76816pt x 151.76816pt.

Underfull \vbox (badness 6910) has occurred while \output is active []

 [9 <./Laplacian_asm_time.pdf> <./Laplacian_asm_efficiency.png> <./Elasticity_a
sm_time.pdf> <./Elasticity_asm_efficiency.png>] (./defmesch_dc.bbl [10 <./Lapla
cian_solver_time.pdf>]) [11] (./defmesch_dc.aux) ) 
Here is how much of TeX's memory you used:
 3146 strings out of 494792
 48833 string characters out of 3176818
 101508 words of memory out of 3000000
 6280 multiletter control sequences out of 15000+200000
 43800 words of font info for 91 fonts, out of 3000000 for 9000
 198 hyphenation exceptions out of 8191
 38i,7n,38p,245b,266s stack positions out of 5000i,500n,10000p,200000b,50000s
{/usr/share/texlive/texmf-dis
t/fonts/enc/dvips/base/8r.enc}</usr/share/texlive/texmf-dist/fonts/type1/public
/amsfonts/cm/cmbsy10.pfb></usr/share/texlive/texmf-dist/fonts/type1/public/amsf
onts/cm/cmmi10.pfb></usr/share/texlive/texmf-dist/fonts/type1/public/amsfonts/c
m/cmr10.pfb></usr/share/texlive/texmf-dist/fonts/type1/public/amsfonts/cm/cmsy1
0.pfb></usr/share/texlive/texmf-dist/fonts/type1/public/amsfonts/cm/cmtt10.pfb>
</usr/share/texlive/texmf-dist/fonts/type1/public/amsfonts/cm/cmtt9.pfb></usr/s
hare/texlive/texmf-dist/fonts/type1/urw/times/utmb8a.pfb></usr/share/texlive/te
xmf-dist/fonts/type1/urw/times/utmr8a.pfb></usr/share/texlive/texmf-dist/fonts/
type1/urw/times/utmri8a.pfb>
Output written on defmesch_dc.pdf (11 pages, 1923068 bytes).
PDF statistics:
 111 PDF objects out of 1000 (max. 8388607)
 69 compressed objects within 1 object stream
 0 named destinations out of 1000 (max. 500000)
 81 words of extra memory for PDF output out of 10000 (max. 10000000)

